[2023-05-28 00:02:04] INFO root fetch - main [MainThread]: Get Changelog since Serial: [18277085]
[2023-05-28 00:02:09] INFO root fetch - main [MainThread]: Found 5 changed packages
[2023-05-28 00:02:09] INFO root fetch - processPackages [ThreadPoolExecutor-0_0]: Start processing: insidepostgresql
[2023-05-28 00:02:09] INFO root fetch - processPackages [ThreadPoolExecutor-0_1]: Start processing: RobustifyToolkit
[2023-05-28 00:02:09] INFO root fetch - processPackages [ThreadPoolExecutor-0_2]: Start processing: datafiles
[2023-05-28 00:02:09] INFO root fetch - processPackages [ThreadPoolExecutor-0_3]: Start processing: murloc
[2023-05-28 00:02:09] INFO root fetch - processPackages [ThreadPoolExecutor-0_4]: Start processing: pytest-logikal
[2023-05-28 00:02:09] INFO root fetch - processPackages [insidepostgresql]: New version: [0.0.2] Old Version: [0.0.1]
[2023-05-28 00:02:09] INFO root fetch - processPackages [pytest-logikal]: New version: [1.9.0] Old Version: [1.8.4]
[2023-05-28 00:02:09] INFO root fetch - processPackages [murloc]: New version: [0.0.4] Old Version: [0.0.3]
[2023-05-28 00:02:09] INFO root fetch - processPackages [datafiles]: New version: [2.1b5] Old Version: [2.1b4]
[2023-05-28 00:02:09] INFO root fetch - processPackages [RobustifyToolkit]: New version: [0.1.1] Old Version: [0.1.0]
[2023-05-28 00:02:10] INFO root fetch - processPackages [insidepostgresql]: Downloading https://files.pythonhosted.org/packages/67/2f/f8b249d21874dd26a05c41377b0245f1f05578a95228a9b72f74bee608cf/insidepostgresql-0.0.1.tar.gz
[2023-05-28 00:02:10] INFO root fetch - processPackages [datafiles]: Downloading https://files.pythonhosted.org/packages/e2/a4/afbc5fd6429c12c9fcb0bc2443ddc61492d4e492d80f5aa7a5d9a1a04a12/datafiles-2.1b4.tar.gz
[2023-05-28 00:02:10] INFO root fetch - processPackages [murloc]: Downloading https://files.pythonhosted.org/packages/b2/9e/90b07a0ab7885fc637529896fd16afdcf9ff67cfc8e35d450efc352accbd/murloc-0.0.4.tar.gz
[2023-05-28 00:02:10] INFO root fetch - processPackages [pytest-logikal]: Downloading https://files.pythonhosted.org/packages/06/8c/56e404ba5702b7e915fe9a9d28c1563f5b0018e9768634094b96007f0939/pytest-logikal-1.8.4.tar.gz
[2023-05-28 00:02:10] INFO root fetch - processPackages [murloc]: executing diffoscope
[2023-05-28 00:02:10] INFO root fetch - processPackages [murloc]: podman run --user 0:0 --rm -w /home/abi/fetcher -v /home/abi/fetcher/tmp:/home/abi/fetcher/tmp:ro -v /home/abi/fetcher/20230528:/home/abi/fetcher/20230528:rw registry.salsa.debian.org/reproducible-builds/diffoscope --no-progress tmp/murloc-0.0.3.tar.gz tmp/murloc-0.0.4.tar.gz --markdown 20230528/m/murloc/0.0.3-0.0.4/diff.md --exclude *.pyd
[2023-05-28 00:02:10] INFO root fetch - processPackages [RobustifyToolkit]: Downloading https://files.pythonhosted.org/packages/10/df/728e0308eaab27e20c42a5e1bb0047212ed6096c59aecd39417954163f69/RobustifyToolkit-0.1.1.tar.gz
[2023-05-28 00:02:10] INFO root fetch - processPackages [insidepostgresql]: Downloading https://files.pythonhosted.org/packages/cc/80/c82edcaf4748ae7f6ff4bd530ee6f9840d9b49b51300e8eea0c2840afe2b/insidepostgresql-0.0.2.tar.gz
[2023-05-28 00:02:10] INFO root fetch - processPackages [RobustifyToolkit]: executing diffoscope
[2023-05-28 00:02:10] INFO root fetch - processPackages [RobustifyToolkit]: podman run --user 0:0 --rm -w /home/abi/fetcher -v /home/abi/fetcher/tmp:/home/abi/fetcher/tmp:ro -v /home/abi/fetcher/20230528:/home/abi/fetcher/20230528:rw registry.salsa.debian.org/reproducible-builds/diffoscope --no-progress tmp/RobustifyToolkit-0.1.0.tar.gz tmp/RobustifyToolkit-0.1.1.tar.gz --markdown 20230528/R/RobustifyToolkit/0.1.0-0.1.1/diff.md --exclude *.pyd
[2023-05-28 00:02:10] INFO root fetch - processPackages [pytest-logikal]: Downloading https://files.pythonhosted.org/packages/85/45/9c6bdfaad7d16d10971e2b83a0dfdba3b792ffa743e2506ac714403cb585/pytest-logikal-1.9.0.tar.gz
[2023-05-28 00:02:10] INFO root fetch - processPackages [insidepostgresql]: executing diffoscope
[2023-05-28 00:02:10] INFO root fetch - processPackages [insidepostgresql]: podman run --user 0:0 --rm -w /home/abi/fetcher -v /home/abi/fetcher/tmp:/home/abi/fetcher/tmp:ro -v /home/abi/fetcher/20230528:/home/abi/fetcher/20230528:rw registry.salsa.debian.org/reproducible-builds/diffoscope --no-progress tmp/insidepostgresql-0.0.1.tar.gz tmp/insidepostgresql-0.0.2.tar.gz --markdown 20230528/i/insidepostgresql/0.0.1-0.0.2/diff.md --exclude *.pyd
[2023-05-28 00:02:10] INFO root fetch - processPackages [pytest-logikal]: executing diffoscope
[2023-05-28 00:02:10] INFO root fetch - processPackages [pytest-logikal]: podman run --user 0:0 --rm -w /home/abi/fetcher -v /home/abi/fetcher/tmp:/home/abi/fetcher/tmp:ro -v /home/abi/fetcher/20230528:/home/abi/fetcher/20230528:rw registry.salsa.debian.org/reproducible-builds/diffoscope --no-progress tmp/pytest-logikal-1.8.4.tar.gz tmp/pytest-logikal-1.9.0.tar.gz --markdown 20230528/p/pytest-logikal/1.8.4-1.9.0/diff.md --exclude *.pyd
[2023-05-28 00:02:10] INFO root fetch - processPackages [datafiles]: Downloading https://files.pythonhosted.org/packages/4d/5a/0d78cacc6a89e27267d5f3d0d0f6efca47e9a5fc42d7bec198bed3705937/datafiles-2.1b5.tar.gz
[2023-05-28 00:02:10] INFO root fetch - processPackages [datafiles]: executing diffoscope
[2023-05-28 00:02:10] INFO root fetch - processPackages [datafiles]: podman run --user 0:0 --rm -w /home/abi/fetcher -v /home/abi/fetcher/tmp:/home/abi/fetcher/tmp:ro -v /home/abi/fetcher/20230528:/home/abi/fetcher/20230528:rw registry.salsa.debian.org/reproducible-builds/diffoscope --no-progress tmp/datafiles-2.1b4.tar.gz tmp/datafiles-2.1b5.tar.gz --markdown 20230528/d/datafiles/2.1b4-2.1b5/diff.md --exclude *.pyd
[2023-05-28 00:02:11] INFO root fetch - main [MainThread]: End processing [murloc]: success
[2023-05-28 00:02:11] INFO root fetch - main [MainThread]: End processing [insidepostgresql]: success
[2023-05-28 00:02:11] INFO root fetch - main [MainThread]: End processing [RobustifyToolkit]: success
[2023-05-28 00:02:12] INFO root fetch - main [MainThread]: End processing [datafiles]: success
[2023-05-28 00:02:12] INFO root fetch - main [MainThread]: End processing [pytest-logikal]: success
[2023-05-28 00:02:12] INFO root fetch - main [MainThread]: Store serial: [18277100]
[2023-05-28 00:07:15] INFO root fetch - main [MainThread]: Get Changelog since Serial: [18277100]
[2023-05-28 00:07:20] INFO root fetch - main [MainThread]: Found 2 changed packages
[2023-05-28 00:07:20] INFO root fetch - processPackages [ThreadPoolExecutor-0_0]: Start processing: domify
[2023-05-28 00:07:20] INFO root fetch - processPackages [ThreadPoolExecutor-0_1]: Start processing: ml-starter
[2023-05-28 00:07:20] INFO root fetch - processPackages [domify]: New version: [0.4.2] Old Version: [0.4.1]
[2023-05-28 00:07:20] INFO root fetch - processPackages [ml-starter]: New version: [0.0.45] Old Version: [0.0.44]
[2023-05-28 00:07:20] INFO root fetch - processPackages [ml-starter]: Downloading https://files.pythonhosted.org/packages/3d/17/ac3af6e333b1e348e13001488d77a4d9b53c98802f0bf9dff3c5f60c90ba/ml-starter-0.0.44.tar.gz
[2023-05-28 00:07:20] INFO root fetch - processPackages [domify]: Downloading https://files.pythonhosted.org/packages/a0/c2/01a88bb1e4f50bfa6c0bc680ac4d2c1ce15bc99f2d6d5757a8f26de9584e/domify-0.4.1.tar.gz
[2023-05-28 00:07:21] INFO root fetch - processPackages [ml-starter]: Downloading https://files.pythonhosted.org/packages/df/a7/fcc7e51ae76ddd3c77648c8a685a8c9808fd36327ad80ed2f6a6d9762dde/ml-starter-0.0.45.tar.gz
[2023-05-28 00:07:21] INFO root fetch - processPackages [ml-starter]: executing diffoscope
[2023-05-28 00:07:21] INFO root fetch - processPackages [ml-starter]: podman run --user 0:0 --rm -w /home/abi/fetcher -v /home/abi/fetcher/tmp:/home/abi/fetcher/tmp:ro -v /home/abi/fetcher/20230528:/home/abi/fetcher/20230528:rw registry.salsa.debian.org/reproducible-builds/diffoscope --no-progress tmp/ml-starter-0.0.44.tar.gz tmp/ml-starter-0.0.45.tar.gz --markdown 20230528/m/ml-starter/0.0.44-0.0.45/diff.md --exclude *.pyd
[2023-05-28 00:07:21] INFO root fetch - processPackages [domify]: Downloading https://files.pythonhosted.org/packages/30/ac/2b97e6d33fd4ba7eb7bde0eb884a721ae1d2697097b3b890da87e23c28b9/domify-0.4.2.tar.gz
[2023-05-28 00:07:21] INFO root fetch - processPackages [domify]: executing diffoscope
[2023-05-28 00:07:21] INFO root fetch - processPackages [domify]: podman run --user 0:0 --rm -w /home/abi/fetcher -v /home/abi/fetcher/tmp:/home/abi/fetcher/tmp:ro -v /home/abi/fetcher/20230528:/home/abi/fetcher/20230528:rw registry.salsa.debian.org/reproducible-builds/diffoscope --no-progress tmp/domify-0.4.1.tar.gz tmp/domify-0.4.2.tar.gz --markdown 20230528/d/domify/0.4.1-0.4.2/diff.md --exclude *.pyd
[2023-05-28 00:07:22] INFO root fetch - main [MainThread]: End processing [domify]: success
[2023-05-28 00:07:23] INFO root fetch - main [MainThread]: End processing [ml-starter]: success
[2023-05-28 00:07:23] INFO root fetch - main [MainThread]: Store serial: [18277106]
[2023-05-28 00:12:26] INFO root fetch - main [MainThread]: Get Changelog since Serial: [18277106]
[2023-05-28 00:12:31] INFO root fetch - main [MainThread]: Found 7 changed packages
[2023-05-28 00:12:31] INFO root fetch - processPackages [ThreadPoolExecutor-0_0]: Start processing: chatcmd
[2023-05-28 00:12:31] INFO root fetch - processPackages [ThreadPoolExecutor-0_1]: Start processing: simple-matrix-api
[2023-05-28 00:12:31] INFO root fetch - processPackages [ThreadPoolExecutor-0_2]: Start processing: genda-lens
[2023-05-28 00:12:31] INFO root fetch - processPackages [ThreadPoolExecutor-0_3]: Start processing: sciform
[2023-05-28 00:12:31] INFO root fetch - processPackages [ThreadPoolExecutor-0_4]: Start processing: grai-source-flat-file
[2023-05-28 00:12:31] INFO root fetch - processPackages [ThreadPoolExecutor-0_5]: Start processing: chatcmd
[2023-05-28 00:12:31] INFO root fetch - processPackages [ThreadPoolExecutor-0_6]: Start processing: simple-matrix-api
[2023-05-28 00:12:31] INFO root fetch - processPackages [chatcmd]: New version: [1.0.30] Old Version: [1.0.29]
[2023-05-28 00:12:31] WARNING root fetch - processPackages [genda-lens]: Skipping, unable to determine old version
[2023-05-28 00:12:31] INFO root fetch - main [MainThread]: End processing [genda-lens] error
[2023-05-28 00:12:31] WARNING root fetch - processPackages [simple-matrix-api]: Skipping, unable to determine old version
[2023-05-28 00:12:31] INFO root fetch - main [MainThread]: End processing [simple-matrix-api] error
[2023-05-28 00:12:31] WARNING root fetch - processPackages [simple-matrix-api]: Skipping, unable to determine old version
[2023-05-28 00:12:31] INFO root fetch - main [MainThread]: End processing [simple-matrix-api] error
[2023-05-28 00:12:31] INFO root fetch - processPackages [sciform]: New version: [0.6.1] Old Version: [0.6.0]
[2023-05-28 00:12:31] INFO root fetch - processPackages [chatcmd]: New version: [1.0.30] Old Version: [1.0.29]
[2023-05-28 00:12:31] INFO root fetch - processPackages [grai-source-flat-file]: New version: [0.0.9] Old Version: [0.0.8]
[2023-05-28 00:12:32] INFO root fetch - processPackages [sciform]: Downloading https://files.pythonhosted.org/packages/71/ab/f8727ba622fa43a2df6895dc4daa3ccdb199243339510e4eb4179e631973/sciform-0.6.0.tar.gz
[2023-05-28 00:12:32] INFO root fetch - processPackages [chatcmd]: Downloading https://files.pythonhosted.org/packages/d7/a4/d18362205b20bc9be3882e623f8265fbedea9d3330dd0965451b0fb4edee/chatcmd-1.0.30.tar.gz
[2023-05-28 00:12:32] INFO root fetch - processPackages [chatcmd]: Downloading https://files.pythonhosted.org/packages/d7/a4/d18362205b20bc9be3882e623f8265fbedea9d3330dd0965451b0fb4edee/chatcmd-1.0.30.tar.gz
[2023-05-28 00:12:32] INFO root fetch - processPackages [grai-source-flat-file]: Downloading https://files.pythonhosted.org/packages/9f/2c/fd56da5064f9492f57c9c6cf8dde2a527267feee4ec29e11d2cadc6f23f4/grai_source_flat_file-0.0.8.tar.gz
[2023-05-28 00:12:32] INFO root fetch - processPackages [chatcmd]: executing diffoscope
[2023-05-28 00:12:32] INFO root fetch - processPackages [chatcmd]: podman run --user 0:0 --rm -w /home/abi/fetcher -v /home/abi/fetcher/tmp:/home/abi/fetcher/tmp:ro -v /home/abi/fetcher/20230528:/home/abi/fetcher/20230528:rw registry.salsa.debian.org/reproducible-builds/diffoscope --no-progress tmp/chatcmd-1.0.29.tar.gz tmp/chatcmd-1.0.30.tar.gz --markdown 20230528/c/chatcmd/1.0.29-1.0.30/diff.md --exclude *.pyd
[2023-05-28 00:12:32] INFO root fetch - processPackages [chatcmd]: executing diffoscope
[2023-05-28 00:12:32] INFO root fetch - processPackages [chatcmd]: podman run --user 0:0 --rm -w /home/abi/fetcher -v /home/abi/fetcher/tmp:/home/abi/fetcher/tmp:ro -v /home/abi/fetcher/20230528:/home/abi/fetcher/20230528:rw registry.salsa.debian.org/reproducible-builds/diffoscope --no-progress tmp/chatcmd-1.0.29.tar.gz tmp/chatcmd-1.0.30.tar.gz --markdown 20230528/c/chatcmd/1.0.29-1.0.30/diff.md --exclude *.pyd
[2023-05-28 00:12:32] INFO root fetch - processPackages [sciform]: Downloading https://files.pythonhosted.org/packages/2f/58/34f63bab80258461bddd7195b72169a511cc08aab09ba14794e48b1238fd/sciform-0.6.1.tar.gz
[2023-05-28 00:12:32] INFO root fetch - processPackages [grai-source-flat-file]: Downloading https://files.pythonhosted.org/packages/4d/00/7850ade542f529e8acf91e7419610126645ce4343b91382d24d08b743f60/grai_source_flat_file-0.0.9.tar.gz
[2023-05-28 00:12:32] INFO root fetch - processPackages [sciform]: executing diffoscope
[2023-05-28 00:12:32] INFO root fetch - processPackages [sciform]: podman run --user 0:0 --rm -w /home/abi/fetcher -v /home/abi/fetcher/tmp:/home/abi/fetcher/tmp:ro -v /home/abi/fetcher/20230528:/home/abi/fetcher/20230528:rw registry.salsa.debian.org/reproducible-builds/diffoscope --no-progress tmp/sciform-0.6.0.tar.gz tmp/sciform-0.6.1.tar.gz --markdown 20230528/s/sciform/0.6.0-0.6.1/diff.md --exclude *.pyd
[2023-05-28 00:12:32] INFO root fetch - processPackages [grai-source-flat-file]: executing diffoscope
[2023-05-28 00:12:32] INFO root fetch - processPackages [grai-source-flat-file]: podman run --user 0:0 --rm -w /home/abi/fetcher -v /home/abi/fetcher/tmp:/home/abi/fetcher/tmp:ro -v /home/abi/fetcher/20230528:/home/abi/fetcher/20230528:rw registry.salsa.debian.org/reproducible-builds/diffoscope --no-progress tmp/grai_source_flat_file-0.0.8.tar.gz tmp/grai_source_flat_file-0.0.9.tar.gz --markdown 20230528/g/grai-source-flat-file/0.0.8-0.0.9/diff.md --exclude *.pyd
[2023-05-28 00:12:33] INFO root fetch - main [MainThread]: End processing [chatcmd]: success
[2023-05-28 00:12:33] INFO root fetch - main [MainThread]: End processing [chatcmd]: success
[2023-05-28 00:12:33] INFO root fetch - main [MainThread]: End processing [sciform]: success
[2023-05-28 00:12:33] INFO root fetch - main [MainThread]: End processing [grai-source-flat-file]: success
[2023-05-28 00:12:33] INFO root fetch - main [MainThread]: Store serial: [18277131]
